<?xml version="1.0" encoding="UTF-8"?>
<testsuite name="parameterized.FieldSourceTest" tests="8" skipped="0" failures="0" errors="0" timestamp="2025-07-17T03:47:51" hostname="ichang-uiui-MacBookAir.local" time="0.004">
  <properties/>
  <testcase name="[1] racingcar" classname="parameterized.FieldSourceTest" time="0.0"/>
  <testcase name="[2] sportscar" classname="parameterized.FieldSourceTest" time="0.0"/>
  <testcase name="[3] basiccar" classname="parameterized.FieldSourceTest" time="0.0"/>
  <testcase name="[1] -1" classname="parameterized.FieldSourceTest" time="0.001"/>
  <testcase name="[2] -2" classname="parameterized.FieldSourceTest" time="0.0"/>
  <testcase name="[3] -3" classname="parameterized.FieldSourceTest" time="0.0"/>
  <testcase name="[4] -4" classname="parameterized.FieldSourceTest" time="0.0"/>
  <testcase name="[5] -1000" classname="parameterized.FieldSourceTest" time="0.0"/>
  <system-out><![CDATA[]]></system-out>
  <system-err><![CDATA[]]></system-err>
</testsuite>
