<?xml version="1.0" encoding="UTF-8"?>
<testsuite name="parameterized.ArgumentsSourceTest" tests="6" skipped="0" failures="0" errors="0" timestamp="2025-07-17T03:47:51" hostname="ichang-uiui-MacBookAir.local" time="0.003">
  <properties/>
  <testcase name="[1] 가나다라마바사, 7" classname="parameterized.ArgumentsSourceTest" time="0.001"/>
  <testcase name="[2] 김치맨, 3" classname="parameterized.ArgumentsSourceTest" time="0.0"/>
  <testcase name="[3] 창의, 2" classname="parameterized.ArgumentsSourceTest" time="0.001"/>
  <testcase name="[1] 가나다라마바사, 7" classname="parameterized.ArgumentsSourceTest" time="0.0"/>
  <testcase name="[2] 김치맨, 3" classname="parameterized.ArgumentsSourceTest" time="0.0"/>
  <testcase name="[3] 창의, 2" classname="parameterized.ArgumentsSourceTest" time="0.0"/>
  <system-out><![CDATA[]]></system-out>
  <system-err><![CDATA[]]></system-err>
</testsuite>
