<?xml version="1.0" encoding="UTF-8"?>
<testsuite name="SetTest" tests="9" skipped="0" failures="0" errors="0" timestamp="2025-07-17T03:47:51" hostname="ichang-uiui-MacBookAir.local" time="0.036">
  <properties/>
  <testcase name="[1] 1, true" classname="SetTest" time="0.027"/>
  <testcase name="[2] 2, true" classname="SetTest" time="0.001"/>
  <testcase name="[3] 3, true" classname="SetTest" time="0.001"/>
  <testcase name="[4] 4, false" classname="SetTest" time="0.0"/>
  <testcase name="[5] 5, false" classname="SetTest" time="0.0"/>
  <testcase name="set의_size_테스트()" classname="SetTest" time="0.001"/>
  <testcase name="[1] 1" classname="SetTest" time="0.0"/>
  <testcase name="[2] 2" classname="SetTest" time="0.0"/>
  <testcase name="[3] 3" classname="SetTest" time="0.001"/>
  <system-out><![CDATA[]]></system-out>
  <system-err><![CDATA[]]></system-err>
</testsuite>
