<?xml version="1.0" encoding="UTF-8"?>
<testsuite name="parameterized.ArgumentsAccessorTest" tests="6" skipped="0" failures="0" errors="0" timestamp="2025-07-17T03:47:51" hostname="ichang-uiui-MacBookAir.local" time="0.004">
  <properties/>
  <testcase name="[1] 이창의, 이, 창의" classname="parameterized.ArgumentsAccessorTest" time="0.001"/>
  <testcase name="[2] 이상현, 이, 상현" classname="parameterized.ArgumentsAccessorTest" time="0.001"/>
  <testcase name="[3] 김지후, 김, 지후" classname="parameterized.ArgumentsAccessorTest" time="0.0"/>
  <testcase name="[1] 이, 창의" classname="parameterized.ArgumentsAccessorTest" time="0.0"/>
  <testcase name="[2] 이, 상현" classname="parameterized.ArgumentsAccessorTest" time="0.0"/>
  <testcase name="[3] 김, 지후" classname="parameterized.ArgumentsAccessorTest" time="0.0"/>
  <system-out><![CDATA[]]></system-out>
  <system-err><![CDATA[]]></system-err>
</testsuite>
